<?xml version="1.0" encoding="UTF-8"?>
<!-- Generated by org.testng.reporters.JUnitReportReporter -->
<testsuite hostname="DESKTOP-FID91T4" failures="0" tests="3" name="com.medicare.Tests.HomePageTest" time="3.325" errors="0" timestamp="2024-01-28T21:18:54 IST" skipped="0">
  <testcase classname="com.medicare.Tests.HomePageTest" name="test_getTitle_page" time="1.025"/>
  <system-out/>
  <testcase classname="com.medicare.Tests.HomePageTest" name="Test_Validate_Text_On_Page" time="0.306"/>
  <system-out/>
  <testcase classname="com.medicare.Tests.HomePageTest" name="test_click_register_link" time="1.994"/>
  <system-out/>
</testsuite> <!-- com.medicare.Tests.HomePageTest -->
