<?xml version="1.0" encoding="UTF-8"?>
<!-- Generated by org.testng.reporters.JUnitReportReporter -->
<testsuite hostname="DESKTOP-FID91T4" failures="0" tests="6" name="capstoneMedicare.GetAllMedicine" time="3.243" errors="0" timestamp="2024-01-28T21:09:22 IST" skipped="0">
  <testcase classname="capstoneMedicare.GetAllMedicine" name="get_all_products" time="2.256"/>
  <system-out/>
  <testcase classname="capstoneMedicare.GetAllMedicine" name="get_all_users" time="0.057"/>
  <system-out/>
  <testcase classname="capstoneMedicare.GetAllMedicine" name="add_Product" time="0.822"/>
  <system-out/>
  <testcase classname="capstoneMedicare.GetAllMedicine" name="update_ProductName" time="0.033"/>
  <system-out/>
  <testcase classname="capstoneMedicare.GetAllMedicine" name="update_ProductStatus" time="0.033"/>
  <system-out/>
  <testcase classname="capstoneMedicare.GetAllMedicine" name="deleteProduct" time="0.042"/>
  <system-out/>
</testsuite> <!-- capstoneMedicare.GetAllMedicine -->
