<?xml version="1.0" encoding="UTF-8"?>
<!-- Generated by org.testng.reporters.JUnitReportReporter -->
<testsuite hostname="DESKTOP-FID91T4" failures="0" tests="5" name="com.medicare.Tests.RegisterPageTest" time="2.182" errors="0" timestamp="2024-01-28T21:17:40 IST" skipped="1">
  <testcase classname="com.medicare.Tests.RegisterPageTest" name="test_click_register_link" time="1.765"/>
  <system-out/>
  <testcase classname="com.medicare.Tests.RegisterPageTest" name="test_getTitle_page" time="0.021"/>
  <system-out/>
  <testcase classname="com.medicare.Tests.RegisterPageTest" name="Test_register_user" time="0.373"/>
  <system-out/>
  <testcase classname="com.medicare.Tests.RegisterPageTest" name="Test_validate_registration_URL" time="0.023"/>
  <system-out/>
  <testcase classname="com.medicare.Tests.RegisterPageTest" name="Test_validate_registration_Text">
    <skipped/>
  </testcase> <!-- Test_validate_registration_Text -->
  <system-out/>
</testsuite> <!-- com.medicare.Tests.RegisterPageTest -->
